ARM GAS  C:\Users\rohi2\AppData\Local\Temp\ccGRtPVA.s 			page 1


   1              		.syntax unified
   2              		.cpu cortex-m3
   3              		.fpu softvfp
   4              		.eabi_attribute 20, 1
   5              		.eabi_attribute 21, 1
   6              		.eabi_attribute 23, 3
   7              		.eabi_attribute 24, 1
   8              		.eabi_attribute 25, 1
   9              		.eabi_attribute 26, 1
  10              		.eabi_attribute 30, 1
  11              		.eabi_attribute 34, 1
  12              		.eabi_attribute 18, 4
  13              		.thumb
  14              		.file	"cymetadata.c"
  15              		.text
  16              	.Ltext0:
  17              		.cfi_sections	.debug_frame
  18              		.global	cy_metadata
  19              		.global	cy_meta_flashprotect
  20              		.global	cy_meta_wonvl
  21              		.global	cy_meta_custnvl
  22              		.global	cy_meta_configecc
  23              		.section	.cyconfigecc,"a",%progbits
  24              		.align	2
  25              		.type	cy_meta_configecc, %object
  26              		.size	cy_meta_configecc, 1020
  27              	cy_meta_configecc:
  28 0000 01       		.byte	1
  29 0001 64       		.byte	100
  30 0002 00       		.byte	0
  31 0003 40       		.byte	64
  32 0004 01       		.byte	1
  33 0005 65       		.byte	101
  34 0006 00       		.byte	0
  35 0007 40       		.byte	64
  36 0008 02       		.byte	2
  37 0009 03       		.byte	3
  38 000a 01       		.byte	1
  39 000b 40       		.byte	64
  40 000c 43       		.byte	67
  41 000d 04       		.byte	4
  42 000e 01       		.byte	1
  43 000f 40       		.byte	64
  44 0010 1F       		.byte	31
  45 0011 05       		.byte	5
  46 0012 01       		.byte	1
  47 0013 40       		.byte	64
  48 0014 41       		.byte	65
  49 0015 06       		.byte	6
  50 0016 01       		.byte	1
  51 0017 40       		.byte	64
  52 0018 23       		.byte	35
  53 0019 07       		.byte	7
  54 001a 01       		.byte	1
  55 001b 40       		.byte	64
  56 001c 01       		.byte	1
  57 001d 0B       		.byte	11
ARM GAS  C:\Users\rohi2\AppData\Local\Temp\ccGRtPVA.s 			page 2


  58 001e 01       		.byte	1
  59 001f 40       		.byte	64
  60 0020 01       		.byte	1
  61 0021 0D       		.byte	13
  62 0022 01       		.byte	1
  63 0023 40       		.byte	64
  64 0024 3E       		.byte	62
  65 0025 14       		.byte	20
  66 0026 01       		.byte	1
  67 0027 40       		.byte	64
  68 0028 23       		.byte	35
  69 0029 15       		.byte	21
  70 002a 01       		.byte	1
  71 002b 40       		.byte	64
  72 002c 3B       		.byte	59
  73 002d 16       		.byte	22
  74 002e 01       		.byte	1
  75 002f 40       		.byte	64
  76 0030 1A       		.byte	26
  77 0031 17       		.byte	23
  78 0032 01       		.byte	1
  79 0033 40       		.byte	64
  80 0034 06       		.byte	6
  81 0035 40       		.byte	64
  82 0036 01       		.byte	1
  83 0037 40       		.byte	64
  84 0038 07       		.byte	7
  85 0039 41       		.byte	65
  86 003a 01       		.byte	1
  87 003b 40       		.byte	64
  88 003c 05       		.byte	5
  89 003d 42       		.byte	66
  90 003e 01       		.byte	1
  91 003f 40       		.byte	64
  92 0040 01       		.byte	1
  93 0041 43       		.byte	67
  94 0042 01       		.byte	1
  95 0043 40       		.byte	64
  96 0044 03       		.byte	3
  97 0045 44       		.byte	68
  98 0046 01       		.byte	1
  99 0047 40       		.byte	64
 100 0048 03       		.byte	3
 101 0049 45       		.byte	69
 102 004a 01       		.byte	1
 103 004b 40       		.byte	64
 104 004c 04       		.byte	4
 105 004d 46       		.byte	70
 106 004e 01       		.byte	1
 107 004f 40       		.byte	64
 108 0050 03       		.byte	3
 109 0051 48       		.byte	72
 110 0052 01       		.byte	1
 111 0053 40       		.byte	64
 112 0054 0D       		.byte	13
 113 0055 49       		.byte	73
 114 0056 01       		.byte	1
ARM GAS  C:\Users\rohi2\AppData\Local\Temp\ccGRtPVA.s 			page 3


 115 0057 40       		.byte	64
 116 0058 04       		.byte	4
 117 0059 50       		.byte	80
 118 005a 01       		.byte	1
 119 005b 40       		.byte	64
 120 005c 02       		.byte	2
 121 005d 51       		.byte	81
 122 005e 01       		.byte	1
 123 005f 40       		.byte	64
 124 0060 87       		.byte	-121
 125 0061 67       		.byte	103
 126 0062 87       		.byte	-121
 127 0063 67       		.byte	103
 128 0064 87       		.byte	-121
 129 0065 20       		.byte	32
 130 0066 EA       		.byte	-22
 131 0067 02       		.byte	2
 132 0068 00       		.byte	0
 133 0069 01       		.byte	1
 134 006a 06       		.byte	6
 135 006b 03       		.byte	3
 136 006c 09       		.byte	9
 137 006d 01       		.byte	1
 138 006e 0E       		.byte	14
 139 006f 0C       		.byte	12
 140 0070 19       		.byte	25
 141 0071 02       		.byte	2
 142 0072 1C       		.byte	28
 143 0073 08       		.byte	8
 144 0074 2E       		.byte	46
 145 0075 01       		.byte	1
 146 0076 30       		.byte	48
 147 0077 02       		.byte	2
 148 0078 31       		.byte	49
 149 0079 01       		.byte	1
 150 007a 32       		.byte	50
 151 007b 01       		.byte	1
 152 007c 33       		.byte	51
 153 007d 02       		.byte	2
 154 007e 34       		.byte	52
 155 007f 08       		.byte	8
 156 0080 36       		.byte	54
 157 0081 04       		.byte	4
 158 0082 3E       		.byte	62
 159 0083 14       		.byte	20
 160 0084 3F       		.byte	63
 161 0085 05       		.byte	5
 162 0086 40       		.byte	64
 163 0087 34       		.byte	52
 164 0088 41       		.byte	65
 165 0089 06       		.byte	6
 166 008a 49       		.byte	73
 167 008b FF       		.byte	-1
 168 008c 4A       		.byte	74
 169 008d FF       		.byte	-1
 170 008e 4B       		.byte	75
 171 008f FF       		.byte	-1
ARM GAS  C:\Users\rohi2\AppData\Local\Temp\ccGRtPVA.s 			page 4


 172 0090 4D       		.byte	77
 173 0091 A0       		.byte	-96
 174 0092 4F       		.byte	79
 175 0093 01       		.byte	1
 176 0094 50       		.byte	80
 177 0095 18       		.byte	24
 178 0096 52       		.byte	82
 179 0097 80       		.byte	-128
 180 0098 58       		.byte	88
 181 0099 04       		.byte	4
 182 009a 59       		.byte	89
 183 009b 04       		.byte	4
 184 009c 5A       		.byte	90
 185 009d 04       		.byte	4
 186 009e 5B       		.byte	91
 187 009f 04       		.byte	4
 188 00a0 5C       		.byte	92
 189 00a1 01       		.byte	1
 190 00a2 5D       		.byte	93
 191 00a3 11       		.byte	17
 192 00a4 5F       		.byte	95
 193 00a5 01       		.byte	1
 194 00a6 60       		.byte	96
 195 00a7 40       		.byte	64
 196 00a8 62       		.byte	98
 197 00a9 80       		.byte	-128
 198 00aa 64       		.byte	100
 199 00ab 40       		.byte	64
 200 00ac 65       		.byte	101
 201 00ad 40       		.byte	64
 202 00ae 66       		.byte	102
 203 00af 80       		.byte	-128
 204 00b0 68       		.byte	104
 205 00b1 40       		.byte	64
 206 00b2 6A       		.byte	106
 207 00b3 50       		.byte	80
 208 00b4 6B       		.byte	107
 209 00b5 A8       		.byte	-88
 210 00b6 6C       		.byte	108
 211 00b7 40       		.byte	64
 212 00b8 6D       		.byte	109
 213 00b9 20       		.byte	32
 214 00ba 6E       		.byte	110
 215 00bb 50       		.byte	80
 216 00bc 6F       		.byte	111
 217 00bd A8       		.byte	-88
 218 00be C0       		.byte	-64
 219 00bf 31       		.byte	49
 220 00c0 C1       		.byte	-63
 221 00c1 06       		.byte	6
 222 00c2 C9       		.byte	-55
 223 00c3 FF       		.byte	-1
 224 00c4 CA       		.byte	-54
 225 00c5 FF       		.byte	-1
 226 00c6 CB       		.byte	-53
 227 00c7 FF       		.byte	-1
 228 00c8 CD       		.byte	-51
ARM GAS  C:\Users\rohi2\AppData\Local\Temp\ccGRtPVA.s 			page 5


 229 00c9 AF       		.byte	-81
 230 00ca CE       		.byte	-50
 231 00cb 07       		.byte	7
 232 00cc CF       		.byte	-49
 233 00cd 01       		.byte	1
 234 00ce D0       		.byte	-48
 235 00cf 18       		.byte	24
 236 00d0 DA       		.byte	-38
 237 00d1 04       		.byte	4
 238 00d2 DD       		.byte	-35
 239 00d3 01       		.byte	1
 240 00d4 DF       		.byte	-33
 241 00d5 01       		.byte	1
 242 00d6 E0       		.byte	-32
 243 00d7 40       		.byte	64
 244 00d8 E2       		.byte	-30
 245 00d9 80       		.byte	-128
 246 00da E4       		.byte	-28
 247 00db 40       		.byte	64
 248 00dc E5       		.byte	-27
 249 00dd 40       		.byte	64
 250 00de E6       		.byte	-26
 251 00df 80       		.byte	-128
 252 00e0 E8       		.byte	-24
 253 00e1 40       		.byte	64
 254 00e2 EA       		.byte	-22
 255 00e3 50       		.byte	80
 256 00e4 EB       		.byte	-21
 257 00e5 A8       		.byte	-88
 258 00e6 EC       		.byte	-20
 259 00e7 40       		.byte	64
 260 00e8 ED       		.byte	-19
 261 00e9 20       		.byte	32
 262 00ea EE       		.byte	-18
 263 00eb 50       		.byte	80
 264 00ec EF       		.byte	-17
 265 00ed A8       		.byte	-88
 266 00ee 01       		.byte	1
 267 00ef 0A       		.byte	10
 268 00f0 02       		.byte	2
 269 00f1 01       		.byte	1
 270 00f2 0A       		.byte	10
 271 00f3 01       		.byte	1
 272 00f4 10       		.byte	16
 273 00f5 02       		.byte	2
 274 00f6 19       		.byte	25
 275 00f7 02       		.byte	2
 276 00f8 1A       		.byte	26
 277 00f9 15       		.byte	21
 278 00fa 21       		.byte	33
 279 00fb 02       		.byte	2
 280 00fc 23       		.byte	35
 281 00fd 20       		.byte	32
 282 00fe 30       		.byte	48
 283 00ff 20       		.byte	32
 284 0100 3A       		.byte	58
 285 0101 10       		.byte	16
ARM GAS  C:\Users\rohi2\AppData\Local\Temp\ccGRtPVA.s 			page 6


 286 0102 41       		.byte	65
 287 0103 01       		.byte	1
 288 0104 42       		.byte	66
 289 0105 10       		.byte	16
 290 0106 43       		.byte	67
 291 0107 04       		.byte	4
 292 0108 46       		.byte	70
 293 0109 01       		.byte	1
 294 010a 47       		.byte	71
 295 010b 04       		.byte	4
 296 010c 4A       		.byte	74
 297 010d 08       		.byte	8
 298 010e 4E       		.byte	78
 299 010f 08       		.byte	8
 300 0110 70       		.byte	112
 301 0111 02       		.byte	2
 302 0112 80       		.byte	-128
 303 0113 20       		.byte	32
 304 0114 86       		.byte	-122
 305 0115 10       		.byte	16
 306 0116 8D       		.byte	-115
 307 0117 02       		.byte	2
 308 0118 9F       		.byte	-97
 309 0119 20       		.byte	32
 310 011a C0       		.byte	-64
 311 011b 0D       		.byte	13
 312 011c C2       		.byte	-62
 313 011d 01       		.byte	1
 314 011e C4       		.byte	-60
 315 011f 01       		.byte	1
 316 0120 CC       		.byte	-52
 317 0121 04       		.byte	4
 318 0122 CE       		.byte	-50
 319 0123 04       		.byte	4
 320 0124 D0       		.byte	-48
 321 0125 53       		.byte	83
 322 0126 D2       		.byte	-46
 323 0127 24       		.byte	36
 324 0128 E2       		.byte	-30
 325 0129 03       		.byte	3
 326 012a E6       		.byte	-26
 327 012b 10       		.byte	16
 328 012c 40       		.byte	64
 329 012d 31       		.byte	49
 330 012e 41       		.byte	65
 331 012f 06       		.byte	6
 332 0130 49       		.byte	73
 333 0131 FF       		.byte	-1
 334 0132 4A       		.byte	74
 335 0133 FF       		.byte	-1
 336 0134 4B       		.byte	75
 337 0135 FF       		.byte	-1
 338 0136 4D       		.byte	77
 339 0137 AF       		.byte	-81
 340 0138 4E       		.byte	78
 341 0139 07       		.byte	7
 342 013a 4F       		.byte	79
ARM GAS  C:\Users\rohi2\AppData\Local\Temp\ccGRtPVA.s 			page 7


 343 013b 01       		.byte	1
 344 013c 50       		.byte	80
 345 013d 18       		.byte	24
 346 013e 5A       		.byte	90
 347 013f 04       		.byte	4
 348 0140 5D       		.byte	93
 349 0141 01       		.byte	1
 350 0142 5F       		.byte	95
 351 0143 01       		.byte	1
 352 0144 60       		.byte	96
 353 0145 40       		.byte	64
 354 0146 62       		.byte	98
 355 0147 80       		.byte	-128
 356 0148 64       		.byte	100
 357 0149 40       		.byte	64
 358 014a 65       		.byte	101
 359 014b 40       		.byte	64
 360 014c 66       		.byte	102
 361 014d 80       		.byte	-128
 362 014e 68       		.byte	104
 363 014f 40       		.byte	64
 364 0150 6A       		.byte	106
 365 0151 50       		.byte	80
 366 0152 6B       		.byte	107
 367 0153 A8       		.byte	-88
 368 0154 6C       		.byte	108
 369 0155 40       		.byte	64
 370 0156 6D       		.byte	109
 371 0157 20       		.byte	32
 372 0158 6E       		.byte	110
 373 0159 50       		.byte	80
 374 015a 6F       		.byte	111
 375 015b A8       		.byte	-88
 376 015c 8C       		.byte	-116
 377 015d 01       		.byte	1
 378 015e A0       		.byte	-96
 379 015f 03       		.byte	3
 380 0160 A4       		.byte	-92
 381 0161 03       		.byte	3
 382 0162 B0       		.byte	-80
 383 0163 02       		.byte	2
 384 0164 B6       		.byte	-74
 385 0165 01       		.byte	1
 386 0166 B9       		.byte	-71
 387 0167 08       		.byte	8
 388 0168 BE       		.byte	-66
 389 0169 40       		.byte	64
 390 016a BF       		.byte	-65
 391 016b 04       		.byte	4
 392 016c C0       		.byte	-64
 393 016d 34       		.byte	52
 394 016e C1       		.byte	-63
 395 016f 06       		.byte	6
 396 0170 C5       		.byte	-59
 397 0171 45       		.byte	69
 398 0172 C6       		.byte	-58
 399 0173 C2       		.byte	-62
ARM GAS  C:\Users\rohi2\AppData\Local\Temp\ccGRtPVA.s 			page 8


 400 0174 C7       		.byte	-57
 401 0175 0E       		.byte	14
 402 0176 C8       		.byte	-56
 403 0177 3F       		.byte	63
 404 0178 C9       		.byte	-55
 405 0179 FF       		.byte	-1
 406 017a CA       		.byte	-54
 407 017b FF       		.byte	-1
 408 017c CB       		.byte	-53
 409 017d FF       		.byte	-1
 410 017e CD       		.byte	-51
 411 017f AF       		.byte	-81
 412 0180 CE       		.byte	-50
 413 0181 07       		.byte	7
 414 0182 CF       		.byte	-49
 415 0183 01       		.byte	1
 416 0184 D0       		.byte	-48
 417 0185 18       		.byte	24
 418 0186 D4       		.byte	-44
 419 0187 07       		.byte	7
 420 0188 D8       		.byte	-40
 421 0189 04       		.byte	4
 422 018a D9       		.byte	-39
 423 018b 04       		.byte	4
 424 018c DA       		.byte	-38
 425 018d 04       		.byte	4
 426 018e DB       		.byte	-37
 427 018f 04       		.byte	4
 428 0190 DC       		.byte	-36
 429 0191 01       		.byte	1
 430 0192 DD       		.byte	-35
 431 0193 11       		.byte	17
 432 0194 DF       		.byte	-33
 433 0195 01       		.byte	1
 434 0196 E0       		.byte	-32
 435 0197 40       		.byte	64
 436 0198 E2       		.byte	-30
 437 0199 80       		.byte	-128
 438 019a E4       		.byte	-28
 439 019b 40       		.byte	64
 440 019c E5       		.byte	-27
 441 019d 40       		.byte	64
 442 019e E6       		.byte	-26
 443 019f 80       		.byte	-128
 444 01a0 E8       		.byte	-24
 445 01a1 40       		.byte	64
 446 01a2 EA       		.byte	-22
 447 01a3 50       		.byte	80
 448 01a4 EB       		.byte	-21
 449 01a5 A8       		.byte	-88
 450 01a6 EC       		.byte	-20
 451 01a7 40       		.byte	64
 452 01a8 ED       		.byte	-19
 453 01a9 20       		.byte	32
 454 01aa EE       		.byte	-18
 455 01ab 50       		.byte	80
 456 01ac EF       		.byte	-17
ARM GAS  C:\Users\rohi2\AppData\Local\Temp\ccGRtPVA.s 			page 9


 457 01ad A8       		.byte	-88
 458 01ae 00       		.byte	0
 459 01af 40       		.byte	64
 460 01b0 10       		.byte	16
 461 01b1 A0       		.byte	-96
 462 01b2 18       		.byte	24
 463 01b3 40       		.byte	64
 464 01b4 19       		.byte	25
 465 01b5 40       		.byte	64
 466 01b6 21       		.byte	33
 467 01b7 04       		.byte	4
 468 01b8 22       		.byte	34
 469 01b9 08       		.byte	8
 470 01ba 41       		.byte	65
 471 01bb 01       		.byte	1
 472 01bc 42       		.byte	66
 473 01bd 10       		.byte	16
 474 01be 46       		.byte	70
 475 01bf 01       		.byte	1
 476 01c0 47       		.byte	71
 477 01c1 04       		.byte	4
 478 01c2 48       		.byte	72
 479 01c3 A0       		.byte	-96
 480 01c4 4A       		.byte	74
 481 01c5 08       		.byte	8
 482 01c6 4E       		.byte	78
 483 01c7 08       		.byte	8
 484 01c8 51       		.byte	81
 485 01c9 09       		.byte	9
 486 01ca 52       		.byte	82
 487 01cb 11       		.byte	17
 488 01cc 53       		.byte	83
 489 01cd 80       		.byte	-128
 490 01ce 58       		.byte	88
 491 01cf 20       		.byte	32
 492 01d0 59       		.byte	89
 493 01d1 40       		.byte	64
 494 01d2 5A       		.byte	90
 495 01d3 04       		.byte	4
 496 01d4 61       		.byte	97
 497 01d5 08       		.byte	8
 498 01d6 62       		.byte	98
 499 01d7 10       		.byte	16
 500 01d8 80       		.byte	-128
 501 01d9 20       		.byte	32
 502 01da 83       		.byte	-125
 503 01db 80       		.byte	-128
 504 01dc 92       		.byte	-110
 505 01dd 14       		.byte	20
 506 01de 95       		.byte	-107
 507 01df 02       		.byte	2
 508 01e0 9B       		.byte	-101
 509 01e1 04       		.byte	4
 510 01e2 9D       		.byte	-99
 511 01e3 08       		.byte	8
 512 01e4 9E       		.byte	-98
 513 01e5 01       		.byte	1
ARM GAS  C:\Users\rohi2\AppData\Local\Temp\ccGRtPVA.s 			page 10


 514 01e6 A6       		.byte	-90
 515 01e7 08       		.byte	8
 516 01e8 C0       		.byte	-64
 517 01e9 01       		.byte	1
 518 01ea C4       		.byte	-60
 519 01eb 0C       		.byte	12
 520 01ec D0       		.byte	-48
 521 01ed 53       		.byte	83
 522 01ee D2       		.byte	-46
 523 01ef 24       		.byte	36
 524 01f0 D6       		.byte	-42
 525 01f1 0E       		.byte	14
 526 01f2 D8       		.byte	-40
 527 01f3 06       		.byte	6
 528 01f4 E2       		.byte	-30
 529 01f5 03       		.byte	3
 530 01f6 EA       		.byte	-22
 531 01f7 02       		.byte	2
 532 01f8 0C       		.byte	12
 533 01f9 01       		.byte	1
 534 01fa 12       		.byte	18
 535 01fb 01       		.byte	1
 536 01fc 14       		.byte	20
 537 01fd 08       		.byte	8
 538 01fe 1E       		.byte	30
 539 01ff 03       		.byte	3
 540 0200 2E       		.byte	46
 541 0201 0C       		.byte	12
 542 0202 30       		.byte	48
 543 0203 02       		.byte	2
 544 0204 32       		.byte	50
 545 0205 04       		.byte	4
 546 0206 34       		.byte	52
 547 0207 08       		.byte	8
 548 0208 36       		.byte	54
 549 0209 01       		.byte	1
 550 020a 3E       		.byte	62
 551 020b 50       		.byte	80
 552 020c 40       		.byte	64
 553 020d 15       		.byte	21
 554 020e 41       		.byte	65
 555 020f 03       		.byte	3
 556 0210 49       		.byte	73
 557 0211 FF       		.byte	-1
 558 0212 4A       		.byte	74
 559 0213 FF       		.byte	-1
 560 0214 4B       		.byte	75
 561 0215 FF       		.byte	-1
 562 0216 4D       		.byte	77
 563 0217 A0       		.byte	-96
 564 0218 4F       		.byte	79
 565 0219 01       		.byte	1
 566 021a 50       		.byte	80
 567 021b 18       		.byte	24
 568 021c 52       		.byte	82
 569 021d 80       		.byte	-128
 570 021e 58       		.byte	88
ARM GAS  C:\Users\rohi2\AppData\Local\Temp\ccGRtPVA.s 			page 11


 571 021f 04       		.byte	4
 572 0220 5A       		.byte	90
 573 0221 04       		.byte	4
 574 0222 5B       		.byte	91
 575 0223 04       		.byte	4
 576 0224 5F       		.byte	95
 577 0225 01       		.byte	1
 578 0226 60       		.byte	96
 579 0227 40       		.byte	64
 580 0228 62       		.byte	98
 581 0229 80       		.byte	-128
 582 022a 64       		.byte	100
 583 022b 40       		.byte	64
 584 022c 65       		.byte	101
 585 022d 40       		.byte	64
 586 022e 66       		.byte	102
 587 022f 80       		.byte	-128
 588 0230 68       		.byte	104
 589 0231 40       		.byte	64
 590 0232 6A       		.byte	106
 591 0233 50       		.byte	80
 592 0234 6B       		.byte	107
 593 0235 A8       		.byte	-88
 594 0236 6C       		.byte	108
 595 0237 40       		.byte	64
 596 0238 6D       		.byte	109
 597 0239 20       		.byte	32
 598 023a 6E       		.byte	110
 599 023b 50       		.byte	80
 600 023c 6F       		.byte	111
 601 023d A8       		.byte	-88
 602 023e 89       		.byte	-119
 603 023f 01       		.byte	1
 604 0240 B3       		.byte	-77
 605 0241 01       		.byte	1
 606 0242 BF       		.byte	-65
 607 0243 04       		.byte	4
 608 0244 C0       		.byte	-64
 609 0245 51       		.byte	81
 610 0246 C1       		.byte	-63
 611 0247 03       		.byte	3
 612 0248 C9       		.byte	-55
 613 0249 FF       		.byte	-1
 614 024a CA       		.byte	-54
 615 024b FF       		.byte	-1
 616 024c CB       		.byte	-53
 617 024d FF       		.byte	-1
 618 024e CD       		.byte	-51
 619 024f AF       		.byte	-81
 620 0250 CE       		.byte	-50
 621 0251 07       		.byte	7
 622 0252 CF       		.byte	-49
 623 0253 01       		.byte	1
 624 0254 D0       		.byte	-48
 625 0255 18       		.byte	24
 626 0256 D9       		.byte	-39
 627 0257 04       		.byte	4
ARM GAS  C:\Users\rohi2\AppData\Local\Temp\ccGRtPVA.s 			page 12


 628 0258 DA       		.byte	-38
 629 0259 04       		.byte	4
 630 025a DF       		.byte	-33
 631 025b 01       		.byte	1
 632 025c E0       		.byte	-32
 633 025d 40       		.byte	64
 634 025e E2       		.byte	-30
 635 025f 80       		.byte	-128
 636 0260 E4       		.byte	-28
 637 0261 40       		.byte	64
 638 0262 E5       		.byte	-27
 639 0263 40       		.byte	64
 640 0264 E6       		.byte	-26
 641 0265 80       		.byte	-128
 642 0266 E8       		.byte	-24
 643 0267 40       		.byte	64
 644 0268 EA       		.byte	-22
 645 0269 50       		.byte	80
 646 026a EB       		.byte	-21
 647 026b A8       		.byte	-88
 648 026c EC       		.byte	-20
 649 026d 40       		.byte	64
 650 026e ED       		.byte	-19
 651 026f 20       		.byte	32
 652 0270 EE       		.byte	-18
 653 0271 50       		.byte	80
 654 0272 EF       		.byte	-17
 655 0273 A8       		.byte	-88
 656 0274 00       		.byte	0
 657 0275 40       		.byte	64
 658 0276 08       		.byte	8
 659 0277 80       		.byte	-128
 660 0278 09       		.byte	9
 661 0279 02       		.byte	2
 662 027a 0A       		.byte	10
 663 027b 10       		.byte	16
 664 027c 10       		.byte	16
 665 027d 02       		.byte	2
 666 027e 18       		.byte	24
 667 027f 41       		.byte	65
 668 0280 1A       		.byte	26
 669 0281 14       		.byte	20
 670 0282 1B       		.byte	27
 671 0283 40       		.byte	64
 672 0284 27       		.byte	39
 673 0285 20       		.byte	32
 674 0286 3D       		.byte	61
 675 0287 20       		.byte	32
 676 0288 40       		.byte	64
 677 0289 01       		.byte	1
 678 028a 41       		.byte	65
 679 028b 04       		.byte	4
 680 028c 42       		.byte	66
 681 028d 20       		.byte	32
 682 028e 46       		.byte	70
 683 028f 21       		.byte	33
 684 0290 48       		.byte	72
ARM GAS  C:\Users\rohi2\AppData\Local\Temp\ccGRtPVA.s 			page 13


 685 0291 02       		.byte	2
 686 0292 4F       		.byte	79
 687 0293 80       		.byte	-128
 688 0294 71       		.byte	113
 689 0295 02       		.byte	2
 690 0296 81       		.byte	-127
 691 0297 18       		.byte	24
 692 0298 87       		.byte	-121
 693 0299 20       		.byte	32
 694 029a 91       		.byte	-111
 695 029b 08       		.byte	8
 696 029c 94       		.byte	-108
 697 029d 01       		.byte	1
 698 029e 96       		.byte	-106
 699 029f 04       		.byte	4
 700 02a0 98       		.byte	-104
 701 02a1 80       		.byte	-128
 702 02a2 9A       		.byte	-102
 703 02a3 01       		.byte	1
 704 02a4 9D       		.byte	-99
 705 02a5 08       		.byte	8
 706 02a6 9E       		.byte	-98
 707 02a7 20       		.byte	32
 708 02a8 A0       		.byte	-96
 709 02a9 02       		.byte	2
 710 02aa A7       		.byte	-89
 711 02ab 40       		.byte	64
 712 02ac A8       		.byte	-88
 713 02ad 80       		.byte	-128
 714 02ae C0       		.byte	-64
 715 02af 01       		.byte	1
 716 02b0 C2       		.byte	-62
 717 02b1 0D       		.byte	13
 718 02b2 C4       		.byte	-60
 719 02b3 01       		.byte	1
 720 02b4 CE       		.byte	-50
 721 02b5 20       		.byte	32
 722 02b6 D0       		.byte	-48
 723 02b7 5A       		.byte	90
 724 02b8 D2       		.byte	-46
 725 02b9 18       		.byte	24
 726 02ba 40       		.byte	64
 727 02bb 51       		.byte	81
 728 02bc 41       		.byte	65
 729 02bd 03       		.byte	3
 730 02be 49       		.byte	73
 731 02bf FF       		.byte	-1
 732 02c0 4A       		.byte	74
 733 02c1 FF       		.byte	-1
 734 02c2 4B       		.byte	75
 735 02c3 FF       		.byte	-1
 736 02c4 4D       		.byte	77
 737 02c5 AF       		.byte	-81
 738 02c6 4E       		.byte	78
 739 02c7 07       		.byte	7
 740 02c8 4F       		.byte	79
 741 02c9 01       		.byte	1
ARM GAS  C:\Users\rohi2\AppData\Local\Temp\ccGRtPVA.s 			page 14


 742 02ca 50       		.byte	80
 743 02cb 18       		.byte	24
 744 02cc 5A       		.byte	90
 745 02cd 04       		.byte	4
 746 02ce 5F       		.byte	95
 747 02cf 01       		.byte	1
 748 02d0 60       		.byte	96
 749 02d1 40       		.byte	64
 750 02d2 62       		.byte	98
 751 02d3 80       		.byte	-128
 752 02d4 64       		.byte	100
 753 02d5 40       		.byte	64
 754 02d6 65       		.byte	101
 755 02d7 40       		.byte	64
 756 02d8 66       		.byte	102
 757 02d9 80       		.byte	-128
 758 02da 68       		.byte	104
 759 02db 40       		.byte	64
 760 02dc 6A       		.byte	106
 761 02dd 50       		.byte	80
 762 02de 6B       		.byte	107
 763 02df A8       		.byte	-88
 764 02e0 6C       		.byte	108
 765 02e1 40       		.byte	64
 766 02e2 6D       		.byte	109
 767 02e3 20       		.byte	32
 768 02e4 6E       		.byte	110
 769 02e5 50       		.byte	80
 770 02e6 6F       		.byte	111
 771 02e7 A8       		.byte	-88
 772 02e8 88       		.byte	-120
 773 02e9 01       		.byte	1
 774 02ea A0       		.byte	-96
 775 02eb 03       		.byte	3
 776 02ec A4       		.byte	-92
 777 02ed 03       		.byte	3
 778 02ee B2       		.byte	-78
 779 02ef 02       		.byte	2
 780 02f0 B6       		.byte	-74
 781 02f1 01       		.byte	1
 782 02f2 BE       		.byte	-66
 783 02f3 40       		.byte	64
 784 02f4 C0       		.byte	-64
 785 02f5 15       		.byte	21
 786 02f6 C1       		.byte	-63
 787 02f7 03       		.byte	3
 788 02f8 C5       		.byte	-59
 789 02f9 45       		.byte	69
 790 02fa C6       		.byte	-58
 791 02fb C2       		.byte	-62
 792 02fc C7       		.byte	-57
 793 02fd 0E       		.byte	14
 794 02fe C8       		.byte	-56
 795 02ff 3F       		.byte	63
 796 0300 C9       		.byte	-55
 797 0301 FF       		.byte	-1
 798 0302 CA       		.byte	-54
ARM GAS  C:\Users\rohi2\AppData\Local\Temp\ccGRtPVA.s 			page 15


 799 0303 FF       		.byte	-1
 800 0304 CB       		.byte	-53
 801 0305 FF       		.byte	-1
 802 0306 CD       		.byte	-51
 803 0307 AF       		.byte	-81
 804 0308 CE       		.byte	-50
 805 0309 07       		.byte	7
 806 030a CF       		.byte	-49
 807 030b 01       		.byte	1
 808 030c D0       		.byte	-48
 809 030d 18       		.byte	24
 810 030e D4       		.byte	-44
 811 030f 07       		.byte	7
 812 0310 D8       		.byte	-40
 813 0311 04       		.byte	4
 814 0312 DA       		.byte	-38
 815 0313 04       		.byte	4
 816 0314 DB       		.byte	-37
 817 0315 04       		.byte	4
 818 0316 DF       		.byte	-33
 819 0317 01       		.byte	1
 820 0318 E0       		.byte	-32
 821 0319 40       		.byte	64
 822 031a E2       		.byte	-30
 823 031b 80       		.byte	-128
 824 031c E4       		.byte	-28
 825 031d 40       		.byte	64
 826 031e E5       		.byte	-27
 827 031f 40       		.byte	64
 828 0320 E6       		.byte	-26
 829 0321 80       		.byte	-128
 830 0322 E8       		.byte	-24
 831 0323 40       		.byte	64
 832 0324 EA       		.byte	-22
 833 0325 50       		.byte	80
 834 0326 EB       		.byte	-21
 835 0327 A8       		.byte	-88
 836 0328 EC       		.byte	-20
 837 0329 40       		.byte	64
 838 032a ED       		.byte	-19
 839 032b 20       		.byte	32
 840 032c EE       		.byte	-18
 841 032d 50       		.byte	80
 842 032e EF       		.byte	-17
 843 032f A8       		.byte	-88
 844 0330 00       		.byte	0
 845 0331 10       		.byte	16
 846 0332 10       		.byte	16
 847 0333 A0       		.byte	-96
 848 0334 18       		.byte	24
 849 0335 10       		.byte	16
 850 0336 19       		.byte	25
 851 0337 40       		.byte	64
 852 0338 40       		.byte	64
 853 0339 01       		.byte	1
 854 033a 41       		.byte	65
 855 033b 04       		.byte	4
ARM GAS  C:\Users\rohi2\AppData\Local\Temp\ccGRtPVA.s 			page 16


 856 033c 46       		.byte	70
 857 033d 21       		.byte	33
 858 033e 48       		.byte	72
 859 033f A2       		.byte	-94
 860 0340 4F       		.byte	79
 861 0341 80       		.byte	-128
 862 0342 50       		.byte	80
 863 0343 02       		.byte	2
 864 0344 51       		.byte	81
 865 0345 48       		.byte	72
 866 0346 52       		.byte	82
 867 0347 11       		.byte	17
 868 0348 59       		.byte	89
 869 0349 40       		.byte	64
 870 034a 5A       		.byte	90
 871 034b 14       		.byte	20
 872 034c 61       		.byte	97
 873 034d 08       		.byte	8
 874 034e 62       		.byte	98
 875 034f 10       		.byte	16
 876 0350 81       		.byte	-127
 877 0351 40       		.byte	64
 878 0352 82       		.byte	-126
 879 0353 10       		.byte	16
 880 0354 91       		.byte	-111
 881 0355 08       		.byte	8
 882 0356 9D       		.byte	-99
 883 0357 08       		.byte	8
 884 0358 C0       		.byte	-64
 885 0359 02       		.byte	2
 886 035a C4       		.byte	-60
 887 035b 0C       		.byte	12
 888 035c D0       		.byte	-48
 889 035d 5A       		.byte	90
 890 035e D2       		.byte	-46
 891 035f 18       		.byte	24
 892 0360 D6       		.byte	-42
 893 0361 0E       		.byte	14
 894 0362 D8       		.byte	-40
 895 0363 06       		.byte	6
 896 0364 30       		.byte	48
 897 0365 20       		.byte	32
 898 0366 32       		.byte	50
 899 0367 02       		.byte	2
 900 0368 37       		.byte	55
 901 0369 24       		.byte	36
 902 036a 3A       		.byte	58
 903 036b 10       		.byte	16
 904 036c CC       		.byte	-52
 905 036d F0       		.byte	-16
 906 036e CE       		.byte	-50
 907 036f 10       		.byte	16
 908 0370 86       		.byte	-122
 909 0371 02       		.byte	2
 910 0372 9E       		.byte	-98
 911 0373 10       		.byte	16
 912 0374 9F       		.byte	-97
ARM GAS  C:\Users\rohi2\AppData\Local\Temp\ccGRtPVA.s 			page 17


 913 0375 24       		.byte	36
 914 0376 A6       		.byte	-90
 915 0377 02       		.byte	2
 916 0378 AC       		.byte	-84
 917 0379 20       		.byte	32
 918 037a E2       		.byte	-30
 919 037b 40       		.byte	64
 920 037c EA       		.byte	-22
 921 037d 40       		.byte	64
 922 037e 87       		.byte	-121
 923 037f 20       		.byte	32
 924 0380 8F       		.byte	-113
 925 0381 04       		.byte	4
 926 0382 9E       		.byte	-98
 927 0383 10       		.byte	16
 928 0384 9F       		.byte	-97
 929 0385 24       		.byte	36
 930 0386 E2       		.byte	-30
 931 0387 40       		.byte	64
 932 0388 9E       		.byte	-98
 933 0389 10       		.byte	16
 934 038a 12       		.byte	18
 935 038b 10       		.byte	16
 936 038c 17       		.byte	23
 937 038d 05       		.byte	5
 938 038e C4       		.byte	-60
 939 038f 0C       		.byte	12
 940 0390 9A       		.byte	-102
 941 0391 10       		.byte	16
 942 0392 9B       		.byte	-101
 943 0393 04       		.byte	4
 944 0394 AF       		.byte	-81
 945 0395 01       		.byte	1
 946 0396 83       		.byte	-125
 947 0397 04       		.byte	4
 948 0398 86       		.byte	-122
 949 0399 10       		.byte	16
 950 039a 9A       		.byte	-102
 951 039b 10       		.byte	16
 952 039c 9B       		.byte	-101
 953 039d 04       		.byte	4
 954 039e 27       		.byte	39
 955 039f 40       		.byte	64
 956 03a0 9E       		.byte	-98
 957 03a1 10       		.byte	16
 958 03a2 C8       		.byte	-56
 959 03a3 80       		.byte	-128
 960 03a4 00       		.byte	0
 961 03a5 01       		.byte	1
 962 03a6 1B       		.byte	27
 963 03a7 20       		.byte	32
 964 03a8 80       		.byte	-128
 965 03a9 01       		.byte	1
 966 03aa 83       		.byte	-125
 967 03ab 20       		.byte	32
 968 03ac 86       		.byte	-122
 969 03ad 10       		.byte	16
ARM GAS  C:\Users\rohi2\AppData\Local\Temp\ccGRtPVA.s 			page 18


 970 03ae 9E       		.byte	-98
 971 03af 10       		.byte	16
 972 03b0 AB       		.byte	-85
 973 03b1 40       		.byte	64
 974 03b2 C0       		.byte	-64
 975 03b3 10       		.byte	16
 976 03b4 C6       		.byte	-58
 977 03b5 40       		.byte	64
 978 03b6 E0       		.byte	-32
 979 03b7 80       		.byte	-128
 980 03b8 E2       		.byte	-30
 981 03b9 40       		.byte	64
 982 03ba E4       		.byte	-28
 983 03bb 20       		.byte	32
 984 03bc EC       		.byte	-20
 985 03bd 80       		.byte	-128
 986 03be 00       		.byte	0
 987 03bf 02       		.byte	2
 988 03c0 0A       		.byte	10
 989 03c1 02       		.byte	2
 990 03c2 10       		.byte	16
 991 03c3 01       		.byte	1
 992 03c4 1A       		.byte	26
 993 03c5 01       		.byte	1
 994 03c6 00       		.byte	0
 995 03c7 FF       		.byte	-1
 996 03c8 01       		.byte	1
 997 03c9 03       		.byte	3
 998 03ca 00       		.byte	0
 999 03cb 00       		.byte	0
 1000 03cc 00       		.byte	0
 1001 03cd 66       		.byte	102
 1002 03ce 66       		.byte	102
 1003 03cf 00       		.byte	0
 1004 03d0 00       		.byte	0
 1005 03d1 00       		.byte	0
 1006 03d2 00       		.byte	0
 1007 03d3 00       		.byte	0
 1008 03d4 30       		.byte	48
 1009 03d5 00       		.byte	0
 1010 03d6 00       		.byte	0
 1011 03d7 00       		.byte	0
 1012 03d8 00       		.byte	0
 1013 03d9 00       		.byte	0
 1014 03da 00       		.byte	0
 1015 03db 00       		.byte	0
 1016 03dc 00       		.byte	0
 1017 03dd 0B       		.byte	11
 1018 03de 0B       		.byte	11
 1019 03df 00       		.byte	0
 1020 03e0 00       		.byte	0
 1021 03e1 00       		.byte	0
 1022 03e2 00       		.byte	0
 1023 03e3 00       		.byte	0
 1024 03e4 00       		.byte	0
 1025 03e5 7F       		.byte	127
 1026 03e6 7F       		.byte	127
ARM GAS  C:\Users\rohi2\AppData\Local\Temp\ccGRtPVA.s 			page 19


 1027 03e7 00       		.byte	0
 1028 03e8 00       		.byte	0
 1029 03e9 00       		.byte	0
 1030 03ea 00       		.byte	0
 1031 03eb 00       		.byte	0
 1032 03ec 01       		.byte	1
 1033 03ed 66       		.byte	102
 1034 03ee 66       		.byte	102
 1035 03ef 00       		.byte	0
 1036 03f0 00       		.byte	0
 1037 03f1 00       		.byte	0
 1038 03f2 00       		.byte	0
 1039 03f3 00       		.byte	0
 1040 03f4 00       		.byte	0
 1041 03f5 20       		.byte	32
 1042 03f6 20       		.byte	32
 1043 03f7 00       		.byte	0
 1044 03f8 00       		.byte	0
 1045 03f9 00       		.byte	0
 1046 03fa 00       		.byte	0
 1047 03fb 00       		.byte	0
 1048              		.section	.cywolatch,"a",%progbits
 1049              		.align	2
 1050              		.type	cy_meta_wonvl, %object
 1051              		.size	cy_meta_wonvl, 4
 1052              	cy_meta_wonvl:
 1053 0000 BC       		.byte	-68
 1054 0001 90       		.byte	-112
 1055 0002 AC       		.byte	-84
 1056 0003 AF       		.byte	-81
 1057              		.section	.cycustnvl,"a",%progbits
 1058              		.align	2
 1059              		.type	cy_meta_custnvl, %object
 1060              		.size	cy_meta_custnvl, 4
 1061              	cy_meta_custnvl:
 1062 0000 00       		.byte	0
 1063 0001 00       		.byte	0
 1064 0002 40       		.byte	64
 1065 0003 05       		.byte	5
 1066              		.section	.cymeta,"a",%progbits
 1067              		.align	2
 1068              		.type	cy_metadata, %object
 1069              		.size	cy_metadata, 12
 1070              	cy_metadata:
 1071 0000 00       		.byte	0
 1072 0001 01       		.byte	1
 1073 0002 2E       		.byte	46
 1074 0003 12       		.byte	18
 1075 0004 30       		.byte	48
 1076 0005 69       		.byte	105
 1077 0006 00       		.byte	0
 1078 0007 01       		.byte	1
 1079 0008 00       		.byte	0
 1080 0009 00       		.byte	0
 1081 000a 00       		.byte	0
 1082 000b 00       		.byte	0
 1083              		.section	.cyflashprotect,"a",%progbits
ARM GAS  C:\Users\rohi2\AppData\Local\Temp\ccGRtPVA.s 			page 20


 1084              		.align	2
 1085              		.type	cy_meta_flashprotect, %object
 1086              		.size	cy_meta_flashprotect, 256
 1087              	cy_meta_flashprotect:
 1088 0000 00000000 		.space	256
 1088      00000000 
 1088      00000000 
 1088      00000000 
 1088      00000000 
 1089              		.text
 1090              	.Letext0:
 1091              		.file 1 "Generated_Source\\PSoC5\\cymetadata.c"
 1092              		.file 2 "Generated_Source\\PSoC5\\cytypes.h"
 1093              		.section	.debug_info,"",%progbits
 1094              	.Ldebug_info0:
 1095 0000 37010000 		.4byte	0x137
 1096 0004 0400     		.2byte	0x4
 1097 0006 00000000 		.4byte	.Ldebug_abbrev0
 1098 000a 04       		.byte	0x4
 1099 000b 01       		.uleb128 0x1
 1100 000c D4000000 		.4byte	.LASF18
 1101 0010 01       		.byte	0x1
 1102 0011 EA010000 		.4byte	.LASF19
 1103 0015 20000000 		.4byte	.LASF20
 1104 0019 00000000 		.4byte	.Ldebug_line0
 1105 001d 02       		.uleb128 0x2
 1106 001e 01       		.byte	0x1
 1107 001f 06       		.byte	0x6
 1108 0020 DE010000 		.4byte	.LASF0
 1109 0024 02       		.uleb128 0x2
 1110 0025 01       		.byte	0x1
 1111 0026 08       		.byte	0x8
 1112 0027 12000000 		.4byte	.LASF1
 1113 002b 02       		.uleb128 0x2
 1114 002c 02       		.byte	0x2
 1115 002d 05       		.byte	0x5
 1116 002e C5010000 		.4byte	.LASF2
 1117 0032 02       		.uleb128 0x2
 1118 0033 02       		.byte	0x2
 1119 0034 07       		.byte	0x7
 1120 0035 98000000 		.4byte	.LASF3
 1121 0039 02       		.uleb128 0x2
 1122 003a 04       		.byte	0x4
 1123 003b 05       		.byte	0x5
 1124 003c D5010000 		.4byte	.LASF4
 1125 0040 02       		.uleb128 0x2
 1126 0041 04       		.byte	0x4
 1127 0042 07       		.byte	0x7
 1128 0043 86000000 		.4byte	.LASF5
 1129 0047 02       		.uleb128 0x2
 1130 0048 08       		.byte	0x8
 1131 0049 05       		.byte	0x5
 1132 004a B2010000 		.4byte	.LASF6
 1133 004e 02       		.uleb128 0x2
 1134 004f 08       		.byte	0x8
 1135 0050 07       		.byte	0x7
 1136 0051 6F010000 		.4byte	.LASF7
ARM GAS  C:\Users\rohi2\AppData\Local\Temp\ccGRtPVA.s 			page 21


 1137 0055 03       		.uleb128 0x3
 1138 0056 04       		.byte	0x4
 1139 0057 05       		.byte	0x5
 1140 0058 696E7400 		.ascii	"int\000"
 1141 005c 02       		.uleb128 0x2
 1142 005d 04       		.byte	0x4
 1143 005e 07       		.byte	0x7
 1144 005f 62010000 		.4byte	.LASF8
 1145 0063 04       		.uleb128 0x4
 1146 0064 CF010000 		.4byte	.LASF21
 1147 0068 02       		.byte	0x2
 1148 0069 9201     		.2byte	0x192
 1149 006b 24000000 		.4byte	0x24
 1150 006f 02       		.uleb128 0x2
 1151 0070 04       		.byte	0x4
 1152 0071 04       		.byte	0x4
 1153 0072 0C000000 		.4byte	.LASF9
 1154 0076 02       		.uleb128 0x2
 1155 0077 08       		.byte	0x8
 1156 0078 04       		.byte	0x4
 1157 0079 AB000000 		.4byte	.LASF10
 1158 007d 02       		.uleb128 0x2
 1159 007e 01       		.byte	0x1
 1160 007f 08       		.byte	0x8
 1161 0080 C0010000 		.4byte	.LASF11
 1162 0084 05       		.uleb128 0x5
 1163 0085 63000000 		.4byte	0x63
 1164 0089 95000000 		.4byte	0x95
 1165 008d 06       		.uleb128 0x6
 1166 008e 95000000 		.4byte	0x95
 1167 0092 FB03     		.2byte	0x3fb
 1168 0094 00       		.byte	0
 1169 0095 02       		.uleb128 0x2
 1170 0096 04       		.byte	0x4
 1171 0097 07       		.byte	0x7
 1172 0098 A9010000 		.4byte	.LASF12
 1173 009c 07       		.uleb128 0x7
 1174 009d C2000000 		.4byte	.LASF13
 1175 00a1 01       		.byte	0x1
 1176 00a2 1F       		.byte	0x1f
 1177 00a3 AD000000 		.4byte	0xad
 1178 00a7 05       		.uleb128 0x5
 1179 00a8 03       		.byte	0x3
 1180 00a9 00000000 		.4byte	cy_meta_configecc
 1181 00ad 08       		.uleb128 0x8
 1182 00ae 84000000 		.4byte	0x84
 1183 00b2 05       		.uleb128 0x5
 1184 00b3 63000000 		.4byte	0x63
 1185 00b7 C2000000 		.4byte	0xc2
 1186 00bb 09       		.uleb128 0x9
 1187 00bc 95000000 		.4byte	0x95
 1188 00c0 03       		.byte	0x3
 1189 00c1 00       		.byte	0
 1190 00c2 07       		.uleb128 0x7
 1191 00c3 B2000000 		.4byte	.LASF14
 1192 00c7 01       		.byte	0x1
 1193 00c8 AC       		.byte	0xac
ARM GAS  C:\Users\rohi2\AppData\Local\Temp\ccGRtPVA.s 			page 22


 1194 00c9 D3000000 		.4byte	0xd3
 1195 00cd 05       		.uleb128 0x5
 1196 00ce 03       		.byte	0x3
 1197 00cf 00000000 		.4byte	cy_meta_custnvl
 1198 00d3 08       		.uleb128 0x8
 1199 00d4 B2000000 		.4byte	0xb2
 1200 00d8 07       		.uleb128 0x7
 1201 00d9 9B010000 		.4byte	.LASF15
 1202 00dd 01       		.byte	0x1
 1203 00de BA       		.byte	0xba
 1204 00df E9000000 		.4byte	0xe9
 1205 00e3 05       		.uleb128 0x5
 1206 00e4 03       		.byte	0x3
 1207 00e5 00000000 		.4byte	cy_meta_wonvl
 1208 00e9 08       		.uleb128 0x8
 1209 00ea B2000000 		.4byte	0xb2
 1210 00ee 05       		.uleb128 0x5
 1211 00ef 63000000 		.4byte	0x63
 1212 00f3 FE000000 		.4byte	0xfe
 1213 00f7 09       		.uleb128 0x9
 1214 00f8 95000000 		.4byte	0x95
 1215 00fc FF       		.byte	0xff
 1216 00fd 00       		.byte	0
 1217 00fe 07       		.uleb128 0x7
 1218 00ff 86010000 		.4byte	.LASF16
 1219 0103 01       		.byte	0x1
 1220 0104 C8       		.byte	0xc8
 1221 0105 0F010000 		.4byte	0x10f
 1222 0109 05       		.uleb128 0x5
 1223 010a 03       		.byte	0x3
 1224 010b 00000000 		.4byte	cy_meta_flashprotect
 1225 010f 08       		.uleb128 0x8
 1226 0110 EE000000 		.4byte	0xee
 1227 0114 05       		.uleb128 0x5
 1228 0115 63000000 		.4byte	0x63
 1229 0119 24010000 		.4byte	0x124
 1230 011d 09       		.uleb128 0x9
 1231 011e 95000000 		.4byte	0x95
 1232 0122 0B       		.byte	0xb
 1233 0123 00       		.byte	0
 1234 0124 07       		.uleb128 0x7
 1235 0125 00000000 		.4byte	.LASF17
 1236 0129 01       		.byte	0x1
 1237 012a F5       		.byte	0xf5
 1238 012b 35010000 		.4byte	0x135
 1239 012f 05       		.uleb128 0x5
 1240 0130 03       		.byte	0x3
 1241 0131 00000000 		.4byte	cy_metadata
 1242 0135 08       		.uleb128 0x8
 1243 0136 14010000 		.4byte	0x114
 1244 013a 00       		.byte	0
 1245              		.section	.debug_abbrev,"",%progbits
 1246              	.Ldebug_abbrev0:
 1247 0000 01       		.uleb128 0x1
 1248 0001 11       		.uleb128 0x11
 1249 0002 01       		.byte	0x1
 1250 0003 25       		.uleb128 0x25
ARM GAS  C:\Users\rohi2\AppData\Local\Temp\ccGRtPVA.s 			page 23


 1251 0004 0E       		.uleb128 0xe
 1252 0005 13       		.uleb128 0x13
 1253 0006 0B       		.uleb128 0xb
 1254 0007 03       		.uleb128 0x3
 1255 0008 0E       		.uleb128 0xe
 1256 0009 1B       		.uleb128 0x1b
 1257 000a 0E       		.uleb128 0xe
 1258 000b 10       		.uleb128 0x10
 1259 000c 17       		.uleb128 0x17
 1260 000d 00       		.byte	0
 1261 000e 00       		.byte	0
 1262 000f 02       		.uleb128 0x2
 1263 0010 24       		.uleb128 0x24
 1264 0011 00       		.byte	0
 1265 0012 0B       		.uleb128 0xb
 1266 0013 0B       		.uleb128 0xb
 1267 0014 3E       		.uleb128 0x3e
 1268 0015 0B       		.uleb128 0xb
 1269 0016 03       		.uleb128 0x3
 1270 0017 0E       		.uleb128 0xe
 1271 0018 00       		.byte	0
 1272 0019 00       		.byte	0
 1273 001a 03       		.uleb128 0x3
 1274 001b 24       		.uleb128 0x24
 1275 001c 00       		.byte	0
 1276 001d 0B       		.uleb128 0xb
 1277 001e 0B       		.uleb128 0xb
 1278 001f 3E       		.uleb128 0x3e
 1279 0020 0B       		.uleb128 0xb
 1280 0021 03       		.uleb128 0x3
 1281 0022 08       		.uleb128 0x8
 1282 0023 00       		.byte	0
 1283 0024 00       		.byte	0
 1284 0025 04       		.uleb128 0x4
 1285 0026 16       		.uleb128 0x16
 1286 0027 00       		.byte	0
 1287 0028 03       		.uleb128 0x3
 1288 0029 0E       		.uleb128 0xe
 1289 002a 3A       		.uleb128 0x3a
 1290 002b 0B       		.uleb128 0xb
 1291 002c 3B       		.uleb128 0x3b
 1292 002d 05       		.uleb128 0x5
 1293 002e 49       		.uleb128 0x49
 1294 002f 13       		.uleb128 0x13
 1295 0030 00       		.byte	0
 1296 0031 00       		.byte	0
 1297 0032 05       		.uleb128 0x5
 1298 0033 01       		.uleb128 0x1
 1299 0034 01       		.byte	0x1
 1300 0035 49       		.uleb128 0x49
 1301 0036 13       		.uleb128 0x13
 1302 0037 01       		.uleb128 0x1
 1303 0038 13       		.uleb128 0x13
 1304 0039 00       		.byte	0
 1305 003a 00       		.byte	0
 1306 003b 06       		.uleb128 0x6
 1307 003c 21       		.uleb128 0x21
ARM GAS  C:\Users\rohi2\AppData\Local\Temp\ccGRtPVA.s 			page 24


 1308 003d 00       		.byte	0
 1309 003e 49       		.uleb128 0x49
 1310 003f 13       		.uleb128 0x13
 1311 0040 2F       		.uleb128 0x2f
 1312 0041 05       		.uleb128 0x5
 1313 0042 00       		.byte	0
 1314 0043 00       		.byte	0
 1315 0044 07       		.uleb128 0x7
 1316 0045 34       		.uleb128 0x34
 1317 0046 00       		.byte	0
 1318 0047 03       		.uleb128 0x3
 1319 0048 0E       		.uleb128 0xe
 1320 0049 3A       		.uleb128 0x3a
 1321 004a 0B       		.uleb128 0xb
 1322 004b 3B       		.uleb128 0x3b
 1323 004c 0B       		.uleb128 0xb
 1324 004d 49       		.uleb128 0x49
 1325 004e 13       		.uleb128 0x13
 1326 004f 3F       		.uleb128 0x3f
 1327 0050 19       		.uleb128 0x19
 1328 0051 02       		.uleb128 0x2
 1329 0052 18       		.uleb128 0x18
 1330 0053 00       		.byte	0
 1331 0054 00       		.byte	0
 1332 0055 08       		.uleb128 0x8
 1333 0056 26       		.uleb128 0x26
 1334 0057 00       		.byte	0
 1335 0058 49       		.uleb128 0x49
 1336 0059 13       		.uleb128 0x13
 1337 005a 00       		.byte	0
 1338 005b 00       		.byte	0
 1339 005c 09       		.uleb128 0x9
 1340 005d 21       		.uleb128 0x21
 1341 005e 00       		.byte	0
 1342 005f 49       		.uleb128 0x49
 1343 0060 13       		.uleb128 0x13
 1344 0061 2F       		.uleb128 0x2f
 1345 0062 0B       		.uleb128 0xb
 1346 0063 00       		.byte	0
 1347 0064 00       		.byte	0
 1348 0065 00       		.byte	0
 1349              		.section	.debug_aranges,"",%progbits
 1350 0000 14000000 		.4byte	0x14
 1351 0004 0200     		.2byte	0x2
 1352 0006 00000000 		.4byte	.Ldebug_info0
 1353 000a 04       		.byte	0x4
 1354 000b 00       		.byte	0
 1355 000c 0000     		.2byte	0
 1356 000e 0000     		.2byte	0
 1357 0010 00000000 		.4byte	0
 1358 0014 00000000 		.4byte	0
 1359              		.section	.debug_line,"",%progbits
 1360              	.Ldebug_line0:
 1361 0000 4D000000 		.section	.debug_str,"MS",%progbits,1
 1361      02004700 
 1361      00000201 
 1361      FB0E0D00 
ARM GAS  C:\Users\rohi2\AppData\Local\Temp\ccGRtPVA.s 			page 25


 1361      01010101 
 1362              	.LASF17:
 1363 0000 63795F6D 		.ascii	"cy_metadata\000"
 1363      65746164 
 1363      61746100 
 1364              	.LASF9:
 1365 000c 666C6F61 		.ascii	"float\000"
 1365      7400
 1366              	.LASF1:
 1367 0012 756E7369 		.ascii	"unsigned char\000"
 1367      676E6564 
 1367      20636861 
 1367      7200
 1368              	.LASF20:
 1369 0020 433A5C55 		.ascii	"C:\\Users\\rohi2\\OneDrive\\Documents\\PSoC Creator"
 1369      73657273 
 1369      5C726F68 
 1369      69325C4F 
 1369      6E654472 
 1370 004e 5C48524C 		.ascii	"\\HRLV-EZ4 - Indexing second motor - Copy\\Design01"
 1370      562D455A 
 1370      34202D20 
 1370      496E6465 
 1370      78696E67 
 1371 007f 2E637964 		.ascii	".cydsn\000"
 1371      736E00
 1372              	.LASF5:
 1373 0086 6C6F6E67 		.ascii	"long unsigned int\000"
 1373      20756E73 
 1373      69676E65 
 1373      6420696E 
 1373      7400
 1374              	.LASF3:
 1375 0098 73686F72 		.ascii	"short unsigned int\000"
 1375      7420756E 
 1375      7369676E 
 1375      65642069 
 1375      6E7400
 1376              	.LASF10:
 1377 00ab 646F7562 		.ascii	"double\000"
 1377      6C6500
 1378              	.LASF14:
 1379 00b2 63795F6D 		.ascii	"cy_meta_custnvl\000"
 1379      6574615F 
 1379      63757374 
 1379      6E766C00 
 1380              	.LASF13:
 1381 00c2 63795F6D 		.ascii	"cy_meta_configecc\000"
 1381      6574615F 
 1381      636F6E66 
 1381      69676563 
 1381      6300
 1382              	.LASF18:
 1383 00d4 474E5520 		.ascii	"GNU C 4.9.3 20150303 (release) [ARM/embedded-4_9-br"
 1383      4320342E 
 1383      392E3320 
 1383      32303135 
ARM GAS  C:\Users\rohi2\AppData\Local\Temp\ccGRtPVA.s 			page 26


 1383      30333033 
 1384 0107 616E6368 		.ascii	"anch revision 221220] -mcpu=cortex-m3 -mthumb -g -O"
 1384      20726576 
 1384      6973696F 
 1384      6E203232 
 1384      31323230 
 1385 013a 67202D66 		.ascii	"g -ffunction-sections -ffat-lto-objects\000"
 1385      66756E63 
 1385      74696F6E 
 1385      2D736563 
 1385      74696F6E 
 1386              	.LASF8:
 1387 0162 756E7369 		.ascii	"unsigned int\000"
 1387      676E6564 
 1387      20696E74 
 1387      00
 1388              	.LASF7:
 1389 016f 6C6F6E67 		.ascii	"long long unsigned int\000"
 1389      206C6F6E 
 1389      6720756E 
 1389      7369676E 
 1389      65642069 
 1390              	.LASF16:
 1391 0186 63795F6D 		.ascii	"cy_meta_flashprotect\000"
 1391      6574615F 
 1391      666C6173 
 1391      6870726F 
 1391      74656374 
 1392              	.LASF15:
 1393 019b 63795F6D 		.ascii	"cy_meta_wonvl\000"
 1393      6574615F 
 1393      776F6E76 
 1393      6C00
 1394              	.LASF12:
 1395 01a9 73697A65 		.ascii	"sizetype\000"
 1395      74797065 
 1395      00
 1396              	.LASF6:
 1397 01b2 6C6F6E67 		.ascii	"long long int\000"
 1397      206C6F6E 
 1397      6720696E 
 1397      7400
 1398              	.LASF11:
 1399 01c0 63686172 		.ascii	"char\000"
 1399      00
 1400              	.LASF2:
 1401 01c5 73686F72 		.ascii	"short int\000"
 1401      7420696E 
 1401      7400
 1402              	.LASF21:
 1403 01cf 75696E74 		.ascii	"uint8\000"
 1403      3800
 1404              	.LASF4:
 1405 01d5 6C6F6E67 		.ascii	"long int\000"
 1405      20696E74 
 1405      00
 1406              	.LASF0:
ARM GAS  C:\Users\rohi2\AppData\Local\Temp\ccGRtPVA.s 			page 27


 1407 01de 7369676E 		.ascii	"signed char\000"
 1407      65642063 
 1407      68617200 
 1408              	.LASF19:
 1409 01ea 47656E65 		.ascii	"Generated_Source\\PSoC5\\cymetadata.c\000"
 1409      72617465 
 1409      645F536F 
 1409      75726365 
 1409      5C50536F 
 1410              		.ident	"GCC: (GNU Tools for ARM Embedded Processors) 4.9.3 20150303 (release) [ARM/embedded-4_9-br
