--------------- Build Started: 08/13/2017 17:14:43 Project: Design01, Configuration: ARM GCC 4.9-2015-q1-update Debug ---------------
cydsfit.exe -.appdatapath "C:\Users\rohi2\AppData\Local\Cypress Semiconductor\PSoC Creator\4.0" -.fdsnotice -.fdswarpdepfile=warp_dependencies.txt -.fdselabdepfile=elab_dependencies.txt -.fdsbldfile=generated_files.txt -.fdsreffile=referenced_files.txt -p "C:\Users\rohi2\OneDrive\Documents\PSoC Creator\HRLV-EZ4 - Indexing second motor\Design01.cydsn\Design01.cyprj" -d CY8C5888LTI-LP097 -s "C:\Users\rohi2\OneDrive\Documents\PSoC Creator\HRLV-EZ4 - Indexing second motor\Design01.cydsn\Generated_Source\PSoC5" -- -yv2 -q10 -ygs -o2 -v3 -.fftcfgtype=LE
Elaborating Design...
HDL Generation...
Synthesis...
Tech Mapping...
ADD: pft.M0040: information: The following 7 pin(s) will be assigned a location by the fitter: \LCD:LCDPort(0)\, \LCD:LCDPort(1)\, \LCD:LCDPort(2)\, \LCD:LCDPort(3)\, \LCD:LCDPort(4)\, \LCD:LCDPort(5)\, \LCD:LCDPort(6)\
Analog Placement...
Analog Routing...
Analog Code Generation...
Digital Placement...
Digital Routing...
Bitstream Generation...
Bitstream Verification...
Static timing analysis...
Warning: sta.M0021: Design01_timing.html: Warning-1350: Asynchronous path(s) exist from "Clock_1(routed)" to "Clock_4". See the timing report for details. (File=C:\Users\rohi2\OneDrive\Documents\PSoC Creator\HRLV-EZ4 - Indexing second motor\Design01.cydsn\Design01_timing.html)
Warning: sta.M0021: Design01_timing.html: Warning-1350: Asynchronous path(s) exist from "Clock_2(routed)" to "Clock_3". See the timing report for details. (File=C:\Users\rohi2\OneDrive\Documents\PSoC Creator\HRLV-EZ4 - Indexing second motor\Design01.cydsn\Design01_timing.html)
API Generation...
Dependency Generation...
Cleanup...
--------------- Build Succeeded: 08/13/2017 17:14:52 ---------------
