--------------- Build Started: 08/13/2017 11:03:29 Project: Design01, Configuration: DP8051 Keil 9.51 Debug ---------------
Initializing Build...
cydsfit.exe -.appdatapath "C:\Users\rohi2\AppData\Local\Cypress Semiconductor\PSoC Creator\4.0" -.fdsnotice -.fdswarpdepfile=warp_dependencies.txt -.fdselabdepfile=elab_dependencies.txt -.fdsbldfile=generated_files.txt -.fdsreffile=referenced_files.txt -p "C:\Users\rohi2\OneDrive\Documents\PSoC Creator\HRLV-EZ4 - Indexing second motor\Design01.cydsn\Design01.cyprj" -d CY8C3866PVI-070 -s "C:\Users\rohi2\OneDrive\Documents\PSoC Creator\HRLV-EZ4 - Indexing second motor\Design01.cydsn\Generated_Source\PSoC3" -- -yv2 -q10 -ygs -o2 -v3 -.fftcfgtype=BE
Warning: Your target device does not have a dedicated XRES pin and you have disabled the optional XRES. Without a hardware reset, it is not possible to program the part without a power cycle or to issue a hard reset from the debugger. You should re-consider this option if your hardware (board) cannot support power-cycle programming.
Elaborating Design...
HDL Generation...
Synthesis...
Tech Mapping...
ADD: pft.M0040: information: The following 12 pin(s) will be assigned a location by the fitter: \LCD:LCDPort(0)\, \LCD:LCDPort(1)\, \LCD:LCDPort(2)\, \LCD:LCDPort(3)\, \LCD:LCDPort(4)\, \LCD:LCDPort(5)\, \LCD:LCDPort(6)\, Pin_A1_1(0), Pin_A2(0), Pin_B1_1(0), Pin_B2_1(0), Ultrasonic1_Trigger_P_12_7(0)
Analog Placement...
Analog Routing...
Analog Code Generation...
Digital Placement...
Error: plm.M0046: E2066: Error while reading D:\Program Files (x86)\Cypress\PSoC Creator\4.0\PSoC Creator\dev/psoc3/dsiconn.cydata file : FFB in DSI but not RRG: ARM -1 -1 0
Error: plm.M0046: E2710: Unable to find <7> contiguous pins for <\LCD:LCDPort(0)\>.
Error: plm.M0046: E2709: Unable to complete IO placement for the design. See the report file for details.
Error: plm.M0046: E2055: An error occurred during placement of the design.
Error: plm.M0046: "D:\Program Files (x86)\Cypress\PSoC Creator\4.0\PSoC Creator\bin/sjplacer.exe" failed (0x00000001)
Dependency Generation...
Cleanup...
Error: fit.M0050: The fitter aborted due to errors, please address all errors and rebuild. (App=cydsfit)
--------------- Build Failed: 08/13/2017 11:03:35 ---------------
